Start testing: Oct 08 14:48 EDT
----------------------------------------------------------
1/2 Testing: PIDControllerTest.TestClamping
1/2 Test: PIDControllerTest.TestClamping
Command: "/home/abhey/Desktop/Masters/Software_Dev/HW_5/sub/cpp-boilerplate-v2/build/test/cpp-test" "--gtest_filter=PIDControllerTest.TestClamping" "--gtest_also_run_disabled_tests"
Directory: /home/abhey/Desktop/Masters/Software_Dev/HW_5/sub/cpp-boilerplate-v2/build/test
"PIDControllerTest.TestClamping" start time: Oct 08 14:48 EDT
Output:
----------------------------------------------------------
Note: Google Test filter = PIDControllerTest.TestClamping
[==========] Running 1 test from 1 test suite.
[----------] Global test environment set-up.
[----------] 1 test from PIDControllerTest
[ RUN      ] PIDControllerTest.TestClamping
[       OK ] PIDControllerTest.TestClamping (0 ms)
[----------] 1 test from PIDControllerTest (0 ms total)

[----------] Global test environment tear-down
[==========] 1 test from 1 test suite ran. (0 ms total)
[  PASSED  ] 1 test.
<end of output>
Test time =   0.00 sec
----------------------------------------------------------
Test Passed.
"PIDControllerTest.TestClamping" end time: Oct 08 14:48 EDT
"PIDControllerTest.TestClamping" time elapsed: 00:00:00
----------------------------------------------------------

2/2 Testing: PIDControllerTest.TestCalculateOutput
2/2 Test: PIDControllerTest.TestCalculateOutput
Command: "/home/abhey/Desktop/Masters/Software_Dev/HW_5/sub/cpp-boilerplate-v2/build/test/cpp-test" "--gtest_filter=PIDControllerTest.TestCalculateOutput" "--gtest_also_run_disabled_tests"
Directory: /home/abhey/Desktop/Masters/Software_Dev/HW_5/sub/cpp-boilerplate-v2/build/test
"PIDControllerTest.TestCalculateOutput" start time: Oct 08 14:48 EDT
Output:
----------------------------------------------------------
Note: Google Test filter = PIDControllerTest.TestCalculateOutput
[==========] Running 1 test from 1 test suite.
[----------] Global test environment set-up.
[----------] 1 test from PIDControllerTest
[ RUN      ] PIDControllerTest.TestCalculateOutput
[       OK ] PIDControllerTest.TestCalculateOutput (0 ms)
[----------] 1 test from PIDControllerTest (0 ms total)

[----------] Global test environment tear-down
[==========] 1 test from 1 test suite ran. (0 ms total)
[  PASSED  ] 1 test.
<end of output>
Test time =   0.00 sec
----------------------------------------------------------
Test Passed.
"PIDControllerTest.TestCalculateOutput" end time: Oct 08 14:48 EDT
"PIDControllerTest.TestCalculateOutput" time elapsed: 00:00:00
----------------------------------------------------------

End testing: Oct 08 14:48 EDT
