Start testing: Oct 07 21:58 EDT
----------------------------------------------------------
1/2 Testing: PIDControllerTest.TestClamping
1/2 Test: PIDControllerTest.TestClamping
Command: "/home/abhey/Desktop/Masters/Software_Dev/HW_5/sub/cpp-boilerplate-v2/build/test/cpp-test" "--gtest_filter=PIDControllerTest.TestClamping" "--gtest_also_run_disabled_tests"
Directory: /home/abhey/Desktop/Masters/Software_Dev/HW_5/sub/cpp-boilerplate-v2/build/test
"PIDControllerTest.TestClamping" start time: Oct 07 21:58 EDT
Output:
----------------------------------------------------------
Note: Google Test filter = PIDControllerTest.TestClamping
[==========] Running 1 test from 1 test suite.
[----------] Global test environment set-up.
[----------] 1 test from PIDControllerTest
[ RUN      ] PIDControllerTest.TestClamping
/home/abhey/Desktop/Masters/Software_Dev/HW_5/sub/cpp-boilerplate-v2/test/test.cpp:27: Failure
Expected equality of these values:
  output
    Which is: 0
  max
    Which is: 50

[  FAILED  ] PIDControllerTest.TestClamping (0 ms)
[----------] 1 test from PIDControllerTest (0 ms total)

[----------] Global test environment tear-down
[==========] 1 test from 1 test suite ran. (0 ms total)
[  PASSED  ] 0 tests.
[  FAILED  ] 1 test, listed below:
[  FAILED  ] PIDControllerTest.TestClamping

 1 FAILED TEST
<end of output>
Test time =   0.00 sec
----------------------------------------------------------
Test Failed.
"PIDControllerTest.TestClamping" end time: Oct 07 21:58 EDT
"PIDControllerTest.TestClamping" time elapsed: 00:00:00
----------------------------------------------------------

2/2 Testing: PIDControllerTest.TestCalculateOutput
2/2 Test: PIDControllerTest.TestCalculateOutput
Command: "/home/abhey/Desktop/Masters/Software_Dev/HW_5/sub/cpp-boilerplate-v2/build/test/cpp-test" "--gtest_filter=PIDControllerTest.TestCalculateOutput" "--gtest_also_run_disabled_tests"
Directory: /home/abhey/Desktop/Masters/Software_Dev/HW_5/sub/cpp-boilerplate-v2/build/test
"PIDControllerTest.TestCalculateOutput" start time: Oct 07 21:58 EDT
Output:
----------------------------------------------------------
Note: Google Test filter = PIDControllerTest.TestCalculateOutput
[==========] Running 1 test from 1 test suite.
[----------] Global test environment set-up.
[----------] 1 test from PIDControllerTest
[ RUN      ] PIDControllerTest.TestCalculateOutput
/home/abhey/Desktop/Masters/Software_Dev/HW_5/sub/cpp-boilerplate-v2/test/test.cpp:62: Failure
The difference between output and expected_output is 16, which exceeds 0.01, where
output evaluates to 0,
expected_output evaluates to 16, and
0.01 evaluates to 0.01.

[  FAILED  ] PIDControllerTest.TestCalculateOutput (0 ms)
[----------] 1 test from PIDControllerTest (0 ms total)

[----------] Global test environment tear-down
[==========] 1 test from 1 test suite ran. (0 ms total)
[  PASSED  ] 0 tests.
[  FAILED  ] 1 test, listed below:
[  FAILED  ] PIDControllerTest.TestCalculateOutput

 1 FAILED TEST
<end of output>
Test time =   0.00 sec
----------------------------------------------------------
Test Failed.
"PIDControllerTest.TestCalculateOutput" end time: Oct 07 21:58 EDT
"PIDControllerTest.TestCalculateOutput" time elapsed: 00:00:00
----------------------------------------------------------

End testing: Oct 07 21:58 EDT
